生成启动时间为 2019/1/22 19:34:19。
     1>项目“D:\Work\Code\Cplusplus\String_1\String_1\String_1.vcxproj”在节点 2 上(Build 个目标)。
     1>ClCompile:
         C:\Program Files (x86)\Microsoft Visual Studio 12.0\VC\bin\CL.exe /c /ZI /nologo /W3 /WX- /Od /Oy- /D WIN32 /D _DEBUG /D _CONSOLE /D _LIB /D _UNICODE /D UNICODE /Gm /EHsc /RTC1 /MDd /GS /fp:precise /Zc:wchar_t /Zc:forScope /Fo"Debug\\" /Fd"Debug\vc120.pdb" /Gd /TP /analyze- /errorReport:prompt String.cpp
         String.cpp
     1>d:\work\code\cplusplus\string_1\string_1\string.cpp(12): warning C4996: 'strcpy': This function or variable may be unsafe. Consider using strcpy_s instead. To disable deprecation, use _CRT_SECURE_NO_WARNINGS. See online help for details.
                 c:\program files (x86)\microsoft visual studio 12.0\vc\include\string.h(112) : 参见“strcpy”的声明
     1>d:\work\code\cplusplus\string_1\string_1\string.cpp(105): warning C4996: 'strcat': This function or variable may be unsafe. Consider using strcat_s instead. To disable deprecation, use _CRT_SECURE_NO_WARNINGS. See online help for details.
                 c:\program files (x86)\microsoft visual studio 12.0\vc\include\string.h(118) : 参见“strcat”的声明
     1>d:\work\code\cplusplus\string_1\string_1\string.cpp(130): warning C4018: “>”: 有符号/无符号不匹配
     1>d:\work\code\cplusplus\string_1\string_1\string.cpp(140): warning C4996: 'strcpy': This function or variable may be unsafe. Consider using strcpy_s instead. To disable deprecation, use _CRT_SECURE_NO_WARNINGS. See online help for details.
                 c:\program files (x86)\microsoft visual studio 12.0\vc\include\string.h(112) : 参见“strcpy”的声明
     1>d:\work\code\cplusplus\string_1\string_1\string.cpp(158): warning C4996: 'strcat': This function or variable may be unsafe. Consider using strcat_s instead. To disable deprecation, use _CRT_SECURE_NO_WARNINGS. See online help for details.
                 c:\program files (x86)\microsoft visual studio 12.0\vc\include\string.h(118) : 参见“strcat”的声明
     1>d:\work\code\cplusplus\string_1\string_1\string.cpp(165): warning C4018: “<”: 有符号/无符号不匹配
     1>d:\work\code\cplusplus\string_1\string_1\string.cpp(175): warning C4018: “<”: 有符号/无符号不匹配
     1>d:\work\code\cplusplus\string_1\string_1\string.cpp(179): warning C4018: “<”: 有符号/无符号不匹配
       Link:
         C:\Program Files (x86)\Microsoft Visual Studio 12.0\VC\bin\link.exe /ERRORREPORT:PROMPT /OUT:"D:\Work\Code\Cplusplus\String_1\Debug\String_1.exe" /INCREMENTAL /NOLOGO kernel32.lib user32.lib gdi32.lib winspool.lib comdlg32.lib advapi32.lib shell32.lib ole32.lib oleaut32.lib uuid.lib odbc32.lib odbccp32.lib /MANIFEST /MANIFESTUAC:"level='asInvoker' uiAccess='false'" /manifest:embed /DEBUG /PDB:"D:\Work\Code\Cplusplus\String_1\Debug\String_1.pdb" /SUBSYSTEM:CONSOLE /TLBID:1 /DYNAMICBASE /NXCOMPAT /IMPLIB:"D:\Work\Code\Cplusplus\String_1\Debug\String_1.lib" /MACHINE:X86 Debug\String.obj
         Debug\Test.obj
         String_1.vcxproj -> D:\Work\Code\Cplusplus\String_1\Debug\String_1.exe
     1>已完成生成项目“D:\Work\Code\Cplusplus\String_1\String_1\String_1.vcxproj”(Build 个目标)的操作。

生成成功。

已用时间 00:00:01.20
